[debug] [2024-09-13T20:52:48.986Z] ----------------------------------------------------------------------
[debug] [2024-09-13T20:52:48.995Z] Command:       C:\Program Files\nodejs\node.exe C:\Users\Aderito Muffins\AppData\Roaming\npm\node_modules\firebase-tools\lib\bin\firebase.js init
[debug] [2024-09-13T20:52:48.996Z] CLI Version:   13.16.0
[debug] [2024-09-13T20:52:48.996Z] Platform:      win32
[debug] [2024-09-13T20:52:48.997Z] Node Version:  v20.15.1
[debug] [2024-09-13T20:52:48.998Z] Time:          Fri Sep 13 2024 13:52:48 GMT-0700 (Hora de verão do Pacífico norte-americana)
[debug] [2024-09-13T20:52:48.998Z] ----------------------------------------------------------------------
[debug] 
[debug] [2024-09-13T20:52:49.046Z] >>> [apiv2][query] GET https://firebase-public.firebaseio.com/cli.json [none]
[debug] [2024-09-13T20:52:49.188Z] > command requires scopes: ["email","openid","https://www.googleapis.com/auth/cloudplatformprojects.readonly","https://www.googleapis.com/auth/firebase","https://www.googleapis.com/auth/cloud-platform"]
[debug] [2024-09-13T20:52:49.188Z] > authorizing via signed-in user (mufumeaderito@gmail.com)
[info] 
     ######## #### ########  ######## ########     ###     ######  ########
     ##        ##  ##     ## ##       ##     ##  ##   ##  ##       ##
     ######    ##  ########  ######   ########  #########  ######  ######
     ##        ##  ##    ##  ##       ##     ## ##     ##       ## ##
     ##       #### ##     ## ######## ########  ##     ##  ######  ########

You're about to initialize a Firebase project in this directory:

  D:\Users\Aderito Muffins\Documents\GitHub\Muffins-TV-\muffins-tv

[debug] [2024-09-13T20:52:50.529Z] <<< [apiv2][status] GET https://firebase-public.firebaseio.com/cli.json 200
[debug] [2024-09-13T20:52:50.530Z] <<< [apiv2][body] GET https://firebase-public.firebaseio.com/cli.json {"cloudBuildErrorAfter":1594252800000,"cloudBuildWarnAfter":1590019200000,"defaultNode10After":1594252800000,"minVersion":"3.0.5","node8DeploysDisabledAfter":1613390400000,"node8RuntimeDisabledAfter":1615809600000,"node8WarnAfter":1600128000000}
